This is pdfTeX, Version 3.1415926-2.4-1.40.13 (MiKTeX 2.9 64-bit) (preloaded format=pdflatex 2016.12.15)  21 MAR 2018 12:32
entering extended mode
**hasil.tex
("H:\Kuliah\S2\Bahan Tesis\LaTex\Hasil\hasil.tex"
LaTeX2e <2011/06/27>
Babel <v3.8m> and hyphenation patterns for english, afrikaans, ancientgreek, ar
abic, armenian, assamese, basque, bengali, bokmal, bulgarian, catalan, coptic, 
croatian, czech, danish, dutch, esperanto, estonian, farsi, finnish, french, ga
lician, german, german-x-2012-05-30, greek, gujarati, hindi, hungarian, iceland
ic, indonesian, interlingua, irish, italian, kannada, kurmanji, latin, latvian,
 lithuanian, malayalam, marathi, mongolian, mongolianlmc, monogreek, ngerman, n
german-x-2012-05-30, nynorsk, oriya, panjabi, pinyin, polish, portuguese, roman
ian, russian, sanskrit, serbian, slovak, slovenian, spanish, swedish, swissgerm
an, tamil, telugu, turkish, turkmen, ukenglish, ukrainian, uppersorbian, usengl
ishmax, welsh, loaded.
("H:\Kuliah\S2\Bahan Tesis\LaTex\Hasil\uireport.cls"

LaTeX Warning: You have requested document class `uireport',
               but the document class provides `uireport.cls'.

Document Class: uireport.cls 2007/10/19 v1.4h Standard LaTeX document class
("C:\Program Files\MiKTeX 2.9\tex\latex\base\size12.clo"
File: size12.clo 2007/10/19 v1.4h Standard LaTeX file (size option)
)
\c@part=\count79
\c@chapter=\count80
\c@section=\count81
\c@subsection=\count82
\c@subsubsection=\count83
\c@paragraph=\count84
\c@subparagraph=\count85
\c@figure=\count86
\c@table=\count87
\abovecaptionskip=\skip41
\belowcaptionskip=\skip42
\bibindent=\dimen102
)
("H:\Kuliah\S2\Bahan Tesis\LaTex\Hasil\uithesis.sty"
("C:\Program Files\MiKTeX 2.9\tex\generic\babel\babel.sty"
Package: babel 2008/07/08 v3.8m The Babel package

*************************************
* Local config file bblopts.cfg used
*
("C:\Program Files\MiKTeX 2.9\tex\latex\00miktex\bblopts.cfg"
File: bblopts.cfg 2006/07/31 v1.0 MiKTeX 'babel' configuration
)
("C:\Program Files\MiKTeX 2.9\tex\generic\babel\bahasai.ldf"
Language: bahasa 2008/03/15 v1.0l Bahasa Indonesia support from the babel syste
m

("C:\Program Files\MiKTeX 2.9\tex\generic\babel\babel.def"
File: babel.def 2008/07/08 v3.8m Babel common definitions
\babel@savecnt=\count88
\U@D=\dimen103
)))
("C:\Program Files\MiKTeX 2.9\tex\latex\fancyhdr\fancyhdr.sty"
\fancy@headwidth=\skip43
\f@ncyO@elh=\skip44
\f@ncyO@erh=\skip45
\f@ncyO@olh=\skip46
\f@ncyO@orh=\skip47
\f@ncyO@elf=\skip48
\f@ncyO@erf=\skip49
\f@ncyO@olf=\skip50
\f@ncyO@orf=\skip51
)
("C:\Program Files\MiKTeX 2.9\tex\latex\graphics\epsfig.sty"
Package: epsfig 1999/02/16 v1.7a (e)psfig emulation (SPQR)

("C:\Program Files\MiKTeX 2.9\tex\latex\graphics\graphicx.sty"
Package: graphicx 1999/02/16 v1.0f Enhanced LaTeX Graphics (DPC,SPQR)

("C:\Program Files\MiKTeX 2.9\tex\latex\graphics\keyval.sty"
Package: keyval 1999/03/16 v1.13 key=value parser (DPC)
\KV@toks@=\toks14
)
("C:\Program Files\MiKTeX 2.9\tex\latex\graphics\graphics.sty"
Package: graphics 2009/02/05 v1.0o Standard LaTeX Graphics (DPC,SPQR)

("C:\Program Files\MiKTeX 2.9\tex\latex\graphics\trig.sty"
Package: trig 1999/03/16 v1.09 sin cos tan (DPC)
)
("C:\Program Files\MiKTeX 2.9\tex\latex\00miktex\graphics.cfg"
File: graphics.cfg 2007/01/18 v1.5 graphics configuration of teTeX/TeXLive
)
Package graphics Info: Driver file: pdftex.def on input line 91.

("C:\Program Files\MiKTeX 2.9\tex\latex\pdftex-def\pdftex.def"
File: pdftex.def 2011/05/27 v0.06d Graphics/color for pdfTeX

("C:\Program Files\MiKTeX 2.9\tex\generic\oberdiek\infwarerr.sty"
Package: infwarerr 2010/04/08 v1.3 Providing info/warning/error messages (HO)
)
("C:\Program Files\MiKTeX 2.9\tex\generic\oberdiek\ltxcmds.sty"
Package: ltxcmds 2011/11/09 v1.22 LaTeX kernel commands for general use (HO)
)
\Gread@gobject=\count89
))
\Gin@req@height=\dimen104
\Gin@req@width=\dimen105
)
\epsfxsize=\dimen106
\epsfysize=\dimen107
)
("C:\Program Files\MiKTeX 2.9\tex\latex\graphics\color.sty"
Package: color 2005/11/14 v1.0j Standard LaTeX Color (DPC)

("C:\Program Files\MiKTeX 2.9\tex\latex\00miktex\color.cfg"
File: color.cfg 2007/01/18 v1.5 color configuration of teTeX/TeXLive
)
Package color Info: Driver file: pdftex.def on input line 130.
)
("C:\Program Files\MiKTeX 2.9\tex\latex\amsmath\amsmath.sty"
Package: amsmath 2013/01/14 v2.14 AMS math features
\@mathmargin=\skip52

For additional information on amsmath, use the `?' option.
("C:\Program Files\MiKTeX 2.9\tex\latex\amsmath\amstext.sty"
Package: amstext 2000/06/29 v2.01

("C:\Program Files\MiKTeX 2.9\tex\latex\amsmath\amsgen.sty"
File: amsgen.sty 1999/11/30 v2.0
\@emptytoks=\toks15
\ex@=\dimen108
))
("C:\Program Files\MiKTeX 2.9\tex\latex\amsmath\amsbsy.sty"
Package: amsbsy 1999/11/29 v1.2d
\pmbraise@=\dimen109
)
("C:\Program Files\MiKTeX 2.9\tex\latex\amsmath\amsopn.sty"
Package: amsopn 1999/12/14 v2.01 operator names
)
\inf@bad=\count90
LaTeX Info: Redefining \frac on input line 210.
\uproot@=\count91
\leftroot@=\count92
LaTeX Info: Redefining \overline on input line 306.
\classnum@=\count93
\DOTSCASE@=\count94
LaTeX Info: Redefining \ldots on input line 378.
LaTeX Info: Redefining \dots on input line 381.
LaTeX Info: Redefining \cdots on input line 466.
\Mathstrutbox@=\box26
\strutbox@=\box27
\big@size=\dimen110
LaTeX Font Info:    Redeclaring font encoding OML on input line 566.
LaTeX Font Info:    Redeclaring font encoding OMS on input line 567.
\macc@depth=\count95
\c@MaxMatrixCols=\count96
\dotsspace@=\muskip10
\c@parentequation=\count97
\dspbrk@lvl=\count98
\tag@help=\toks16
\row@=\count99
\column@=\count100
\maxfields@=\count101
\andhelp@=\toks17
\eqnshift@=\dimen111
\alignsep@=\dimen112
\tagshift@=\dimen113
\tagwidth@=\dimen114
\totwidth@=\dimen115
\lineht@=\dimen116
\@envbody=\toks18
\multlinegap=\skip53
\multlinetaggap=\skip54
\mathdisplay@stack=\toks19
LaTeX Info: Redefining \[ on input line 2665.
LaTeX Info: Redefining \] on input line 2666.
)
("C:\Program Files\MiKTeX 2.9\tex\latex\carlisle\slashed.sty"
Package: slashed 1997/01/16 v0.01 Feynman Slashed Character Notation (DPC)
)
("C:\Program Files\MiKTeX 2.9\tex\latex\listings\listings.sty"
\lst@mode=\count102
\lst@gtempboxa=\box28
\lst@token=\toks20
\lst@length=\count103
\lst@currlwidth=\dimen117
\lst@column=\count104
\lst@pos=\count105
\lst@lostspace=\dimen118
\lst@width=\dimen119
\lst@newlines=\count106
\lst@lineno=\count107
\lst@maxwidth=\dimen120

("C:\Program Files\MiKTeX 2.9\tex\latex\listings\lstmisc.sty"
File: lstmisc.sty 2007/02/22 1.4 (Carsten Heinz)
\c@lstnumber=\count108
\lst@skipnumbers=\count109
\lst@framebox=\box29
)
("C:\Program Files\MiKTeX 2.9\tex\latex\listings\listings.cfg"
File: listings.cfg 2007/02/22 1.4 listings configuration
))
Package: listings 2007/02/22 1.4 (Carsten Heinz)

("C:\Program Files\MiKTeX 2.9\tex\latex\geometry\geometry.sty"
Package: geometry 2010/09/12 v5.6 Page Geometry

("C:\Program Files\MiKTeX 2.9\tex\generic\oberdiek\ifpdf.sty"
Package: ifpdf 2011/01/30 v2.3 Provides the ifpdf switch (HO)
Package ifpdf Info: pdfTeX in PDF mode is detected.
)
("C:\Program Files\MiKTeX 2.9\tex\generic\oberdiek\ifvtex.sty"
Package: ifvtex 2010/03/01 v1.5 Detect VTeX and its facilities (HO)
Package ifvtex Info: VTeX not detected.
)
("C:\Program Files\MiKTeX 2.9\tex\generic\ifxetex\ifxetex.sty"
Package: ifxetex 2010/09/12 v0.6 Provides ifxetex conditional
)
\Gm@cnth=\count110
\Gm@cntv=\count111
\c@Gm@tempcnt=\count112
\Gm@bindingoffset=\dimen121
\Gm@wd@mp=\dimen122
\Gm@odd@mp=\dimen123
\Gm@even@mp=\dimen124
\Gm@layoutwidth=\dimen125
\Gm@layoutheight=\dimen126
\Gm@layouthoffset=\dimen127
\Gm@layoutvoffset=\dimen128
\Gm@dimlist=\toks21

("C:\Program Files\MiKTeX 2.9\tex\latex\geometry\geometry.cfg"))
("C:\Program Files\MiKTeX 2.9\tex\latex\caption\caption.sty"
Package: caption 2013/05/02 v3.3-89 Customizing captions (AR)

("C:\Program Files\MiKTeX 2.9\tex\latex\caption\caption3.sty"
Package: caption3 2013/05/02 v1.6-88 caption3 kernel (AR)
Package caption3 Info: TeX engine: e-TeX on input line 57.
\captionmargin=\dimen129
\captionmargin@=\dimen130
\captionwidth=\dimen131
\caption@tempdima=\dimen132
\caption@indent=\dimen133
\caption@parindent=\dimen134
\caption@hangindent=\dimen135
Package caption Info: Unknown document class (or package),
(caption)             standard defaults will be used.
)

Package caption Warning: Unsupported document class (or package) detected,
(caption)                usage of the caption package is not recommended.
See the caption package documentation for explanation.

Package caption Info: \@makecaption = \long macro:#1#2-> \vskip \abovecaptionsk
ip \sbox \@tempboxa {#1: #2} \ifdim \wd \@tempboxa >\hsize #1: #2\par \else \gl
obal \@minipagefalse \hb@xt@ \hsize {\hfil \box \@tempboxa \hfil } \fi \vskip \
belowcaptionskip .
\c@ContinuedFloat=\count113
Package caption Info: listings package is loaded.
) ("C:\Program Files\MiKTeX 2.9\tex\latex\caption\subcaption.sty"
Package: subcaption 2013/02/03 v1.1-62 Sub-captions (AR)
\c@subfigure=\count114
\c@subtable=\count115
)
("C:\Program Files\MiKTeX 2.9\tex\latex\braket\braket.sty")
("C:\Program Files\MiKTeX 2.9\tex\latex\cite\cite.sty"
LaTeX Info: Redefining \cite on input line 302.
LaTeX Info: Redefining \nocite on input line 373.
Package: cite 2010/09/10  v 5.3
)
("C:\Program Files\MiKTeX 2.9\tex\latex\cleveref\cleveref.sty"
Package: cleveref 2013/03/22 v0.18.9 Intelligent cross-referencing
Package cleveref Info: `listings' support loaded on input line 2857.
)
("C:\Program Files\MiKTeX 2.9\tex\latex\carlisle\scalefnt.sty")
("C:\Program Files\MiKTeX 2.9\tex\latex\floatrow\floatrow.sty"
Package: floatrow 2008/08/02 v0.3b floatrow: float package extension
\c@float@type=\count116
\float@exts=\toks22
\float@box=\box30
\@floatcapt=\box31
Package floatrow Info: Modified float package code loaded on input line 455.
Package floatrow Info: Modified rotfloat package code loaded on input line 473.

\FR@everyfloat=\toks23
\flrow@foot=\insert233
\FB@wd=\dimen136
\FBo@wd=\dimen137
\FBc@wd=\dimen138
\FBo@ht=\skip55
\FBc@ht=\skip56
\FBf@ht=\skip57
\FBo@max=\skip58
\FBc@max=\skip59
\FBf@max=\skip60
\c@FBl@b=\count117
\floatbox@depth=\count118
\c@FRobj=\count119
\c@FRsobj=\count120
\Xhsize=\skip61
\sXhsize=\skip62
\Zhsize=\skip63
\sZhsize=\skip64
\flrow@rowbox=\box32
\FR@Zunitlength=\dimen139
\c@FBcnt=\count121
\FPOScnt=\count122
\LTleft=\skip65
\LTright=\skip66
\LTleft=\skip67
\LTright=\skip68
\flrow@types=\toks24
)
("C:\Program Files\MiKTeX 2.9\tex\latex\tools\indentfirst.sty"
Package: indentfirst 1995/11/23 v1.03 Indent first paragraph (DPC)
))
("C:\Program Files\MiKTeX 2.9\tex\latex\pdfpages\pdfpages.sty"
Package: pdfpages 2012/08/31 v0.4t Insert pages of external PDF documents (AM)

("C:\Program Files\MiKTeX 2.9\tex\latex\base\ifthen.sty"
Package: ifthen 2001/05/26 v1.1c Standard LaTeX ifthen package (DPC)
)
("C:\Program Files\MiKTeX 2.9\tex\latex\tools\calc.sty"
Package: calc 2007/08/22 v4.3 Infix arithmetic (KKT,FJ)
\calc@Acount=\count123
\calc@Bcount=\count124
\calc@Adimen=\dimen140
\calc@Bdimen=\dimen141
\calc@Askip=\skip69
\calc@Bskip=\skip70
LaTeX Info: Redefining \setlength on input line 76.
LaTeX Info: Redefining \addtolength on input line 77.
\calc@Ccount=\count125
\calc@Cskip=\skip71
)
("C:\Program Files\MiKTeX 2.9\tex\latex\eso-pic\eso-pic.sty"
Package: eso-pic 2010/10/06 v2.0c eso-pic (RN)

("C:\Program Files\MiKTeX 2.9\tex\generic\oberdiek\atbegshi.sty"
Package: atbegshi 2011/10/05 v1.16 At begin shipout hook (HO)
))
("C:\Program Files\MiKTeX 2.9\tex\latex\pdfpages\pppdftex.def"
File: pppdftex.def 2012/08/31 v0.4t Pdfpages driver for pdfTeX (AM)
)
\AM@pagebox=\box33
\AM@toc@title=\toks25
\c@AM@survey=\count126
\AM@templatesizebox=\box34
)
("C:\Program Files\MiKTeX 2.9\tex\latex\enumitem\enumitem.sty"
Package: enumitem 2011/09/28 v3.5.2 Customized lists
\labelindent=\skip72
\enit@outerparindent=\dimen142
\enit@toks=\toks26
\enit@inbox=\box35
\enitdp@description=\count127
)

LaTeX Warning: Unused global option(s):
    [12pt].

("H:\Kuliah\S2\Bahan Tesis\LaTex\Hasil\hasil.aux"
("H:\Kuliah\S2\Bahan Tesis\LaTex\Hasil\identitas.aux")
("H:\Kuliah\S2\Bahan Tesis\LaTex\Hasil\ejaan.aux")
("H:\Kuliah\S2\Bahan Tesis\LaTex\Hasil\cover.aux")
("H:\Kuliah\S2\Bahan Tesis\LaTex\Hasil\orisinalitas.aux")
("H:\Kuliah\S2\Bahan Tesis\LaTex\Hasil\pengesahan.aux")
("H:\Kuliah\S2\Bahan Tesis\LaTex\Hasil\pengantar.aux")
("H:\Kuliah\S2\Bahan Tesis\LaTex\Hasil\persetujuan.aux")
("H:\Kuliah\S2\Bahan Tesis\LaTex\Hasil\abstrak.aux")
("H:\Kuliah\S2\Bahan Tesis\LaTex\Hasil\bab1.aux")
("H:\Kuliah\S2\Bahan Tesis\LaTex\Hasil\bab2.aux")
("H:\Kuliah\S2\Bahan Tesis\LaTex\Hasil\bab3.aux"

LaTeX Warning: Label `eq9' multiply defined.


LaTeX Warning: Label `eq9@cref' multiply defined.


LaTeX Warning: Label `eq10' multiply defined.


LaTeX Warning: Label `eq10@cref' multiply defined.


LaTeX Warning: Label `eq11' multiply defined.


LaTeX Warning: Label `eq11@cref' multiply defined.


LaTeX Warning: Label `eq12' multiply defined.


LaTeX Warning: Label `eq12@cref' multiply defined.


LaTeX Warning: Label `eq13' multiply defined.


LaTeX Warning: Label `eq13@cref' multiply defined.

) ("H:\Kuliah\S2\Bahan Tesis\LaTex\Hasil\bab4.aux")
("H:\Kuliah\S2\Bahan Tesis\LaTex\Hasil\bab5.aux")
("H:\Kuliah\S2\Bahan Tesis\LaTex\Hasil\referensi.aux")
("H:\Kuliah\S2\Bahan Tesis\LaTex\Hasil\lampiran.aux"))
LaTeX Font Info:    Checking defaults for OML/cmm/m/it on input line 28.
LaTeX Font Info:    ... okay on input line 28.
LaTeX Font Info:    Checking defaults for T1/cmr/m/n on input line 28.
LaTeX Font Info:    ... okay on input line 28.
LaTeX Font Info:    Checking defaults for OT1/cmr/m/n on input line 28.
LaTeX Font Info:    ... okay on input line 28.
LaTeX Font Info:    Checking defaults for OMS/cmsy/m/n on input line 28.
LaTeX Font Info:    ... okay on input line 28.
LaTeX Font Info:    Checking defaults for OMX/cmex/m/n on input line 28.
LaTeX Font Info:    ... okay on input line 28.
LaTeX Font Info:    Checking defaults for U/cmr/m/n on input line 28.
LaTeX Font Info:    ... okay on input line 28.

("C:\Program Files\MiKTeX 2.9\tex\context\base\supp-pdf.mkii"
[Loading MPS to PDF converter (version 2006.09.02).]
\scratchcounter=\count128
\scratchdimen=\dimen143
\scratchbox=\box36
\nofMPsegments=\count129
\nofMParguments=\count130
\everyMPshowfont=\toks27
\MPscratchCnt=\count131
\MPscratchDim=\dimen144
\MPnumerator=\count132
\makeMPintoPDFobject=\count133
\everyMPtoPDFconversion=\toks28
)
\c@lstlisting=\count134

*geometry* driver: auto-detecting
*geometry* detected driver: pdftex
*geometry* verbose mode - [ preamble ] result:
* driver: pdftex
* paper: a4paper
* layout: <same size as paper>
* layoutoffset:(h,v)=(0.0pt,0.0pt)
* modes: 
* h-part:(L,W,R)=(113.81102pt, 398.3386pt, 85.35826pt)
* v-part:(T,H,B)=(85.35826pt, 674.33032pt, 85.35826pt)
* \paperwidth=597.50787pt
* \paperheight=845.04684pt
* \textwidth=398.3386pt
* \textheight=674.33032pt
* \oddsidemargin=41.54103pt
* \evensidemargin=41.54103pt
* \topmargin=-11.91173pt
* \headheight=0.0pt
* \headsep=25.0pt
* \topskip=12.0pt
* \footskip=30.0pt
* \marginparwidth=35.0pt
* \marginparsep=10.0pt
* \columnsep=10.0pt
* \skip\footins=10.8pt plus 4.0pt minus 2.0pt
* \hoffset=0.0pt
* \voffset=0.0pt
* \mag=1000
* \@twocolumnfalse
* \@twosidefalse
* \@mparswitchfalse
* \@reversemarginfalse
* (1in=72.27pt=25.4mm, 1cm=28.453pt)

Package caption Info: Begin \AtBeginDocument code.
Package caption Info: floatrow package is loaded.
Package caption Info: float package is loaded.
Package caption Info: floatrow package is loaded.
Package caption Info: End \AtBeginDocument code.
\AtBeginShipoutBox=\box37
("H:\Kuliah\S2\Bahan Tesis\LaTex\Hasil\identitas.tex")
("H:\Kuliah\S2\Bahan Tesis\LaTex\Hasil\ejaan.tex")
("H:\Kuliah\S2\Bahan Tesis\LaTex\Hasil\cover.tex"
<Gambar/makara.png, id=1, 75.28125pt x 75.28125pt>
File: Gambar/makara.png Graphic file (type png)
 <use Gambar/makara.png>
Package pdftex.def Info: Gambar/makara.png used on input line 14.
(pdftex.def)             Requested size: 71.13884pt x 71.13884pt.

[1






{C:/ProgramData/MiKTeX/2.9/pdftex/config/pdftex.map} <H:/Kuliah/S2/Bahan Tesis/
LaTex/Hasil/Gambar/makara.png (PNG copy)>]
<gambar/makara.png, id=8, 75.28125pt x 75.28125pt>
File: gambar/makara.png Graphic file (type png)
 <use gambar/makara.png>
Package pdftex.def Info: gambar/makara.png used on input line 34.
(pdftex.def)             Requested size: 71.13884pt x 71.13884pt.

[2 <H:/Kuliah/S2/Bahan Tesis/LaTex/Hasil/gambar/makara.png (PNG copy)>])
("H:\Kuliah\S2\Bahan Tesis\LaTex\Hasil\orisinalitas.tex") [3



]
("H:\Kuliah\S2\Bahan Tesis\LaTex\Hasil\pengesahan.tex") [4



]
("H:\Kuliah\S2\Bahan Tesis\LaTex\Hasil\pengantar.tex" [5



])

Package Fancyhdr Warning: \headheight is too small (0.0pt): 
 Make it at least 14.49998pt.
 We now make it that large for the rest of the document.
 This may cause the page layout to be inconsistent, however.

[6] ("H:\Kuliah\S2\Bahan Tesis\LaTex\Hasil\persetujuan.tex") [7



]
("H:\Kuliah\S2\Bahan Tesis\LaTex\Hasil\abstrak.tex" [8



]) [9

]
("H:\Kuliah\S2\Bahan Tesis\LaTex\Hasil\hasil.toc" [10



])
\tf@toc=\write3


Package Fancyhdr Warning: \headheight is too small (0.0pt): 
 Make it at least 14.49998pt.
 We now make it that large for the rest of the document.
 This may cause the page layout to be inconsistent, however.

[11] ("H:\Kuliah\S2\Bahan Tesis\LaTex\Hasil\hasil.lof")
\tf@lof=\write4
 [12

]
("H:\Kuliah\S2\Bahan Tesis\LaTex\Hasil\hasil.lot")
\tf@lot=\write5
 [13

]
("H:\Kuliah\S2\Bahan Tesis\LaTex\Hasil\bab1.tex"
Bab 1.
[1



]

Package Fancyhdr Warning: \headheight is too small (0.0pt): 
 Make it at least 14.49998pt.
 We now make it that large for the rest of the document.
 This may cause the page layout to be inconsistent, however.

[2]

Package Fancyhdr Warning: \headheight is too small (0.0pt): 
 Make it at least 14.49998pt.
 We now make it that large for the rest of the document.
 This may cause the page layout to be inconsistent, however.

[3]

Package Fancyhdr Warning: \headheight is too small (0.0pt): 
 Make it at least 14.49998pt.
 We now make it that large for the rest of the document.
 This may cause the page layout to be inconsistent, however.

[4])

Package Fancyhdr Warning: \headheight is too small (0.0pt): 
 Make it at least 14.49998pt.
 We now make it that large for the rest of the document.
 This may cause the page layout to be inconsistent, however.

[5] ("H:\Kuliah\S2\Bahan Tesis\LaTex\Hasil\bab2.tex"
Bab 2.
Missing character: There is no Â in font cmr12!
Missing character: There is no ° in font cmr12!
Missing character: There is no Â in font cmr12!
Missing character: There is no ° in font cmr12!
[6



]

Package Fancyhdr Warning: \headheight is too small (0.0pt): 
 Make it at least 14.49998pt.
 We now make it that large for the rest of the document.
 This may cause the page layout to be inconsistent, however.

[7]

Package Fancyhdr Warning: \headheight is too small (0.0pt): 
 Make it at least 14.49998pt.
 We now make it that large for the rest of the document.
 This may cause the page layout to be inconsistent, however.

[8]
LaTeX Font Info:    Try loading font information for OMS+cmr on input line 80.
 ("C:\Program Files\MiKTeX 2.9\tex\latex\base\omscmr.fd"
File: omscmr.fd 1999/05/25 v2.5h Standard LaTeX font definitions
)
LaTeX Font Info:    Font shape `OMS/cmr/m/n' in size <12> not available
(Font)              Font shape `OMS/cmsy/m/n' tried instead on input line 80.


Package Fancyhdr Warning: \headheight is too small (0.0pt): 
 Make it at least 14.49998pt.
 We now make it that large for the rest of the document.
 This may cause the page layout to be inconsistent, however.

[9]

Package Fancyhdr Warning: \headheight is too small (0.0pt): 
 Make it at least 14.49998pt.
 We now make it that large for the rest of the document.
 This may cause the page layout to be inconsistent, however.

[10] <Gambar/artifact1.png, id=86, 405.01312pt x 248.42813pt>
File: Gambar/artifact1.png Graphic file (type png)

<use Gambar/artifact1.png>
Package pdftex.def Info: Gambar/artifact1.png used on input line 130.
(pdftex.def)             Requested size: 303.75908pt x 186.32063pt.


LaTeX Warning: `h' float specifier changed to `ht'.

<Gambar/artifact2.png, id=87, 484.81125pt x 231.86626pt>
File: Gambar/artifact2.png Graphic file (type png)

<use Gambar/artifact2.png>
Package pdftex.def Info: Gambar/artifact2.png used on input line 136.
(pdftex.def)             Requested size: 363.60754pt x 173.89925pt.


LaTeX Warning: `h' float specifier changed to `ht'.

<Gambar/artifact3.png, id=89, 350.81062pt x 151.3153pt>
File: Gambar/artifact3.png Graphic file (type png)

<use Gambar/artifact3.png>
Package pdftex.def Info: Gambar/artifact3.png used on input line 142.
(pdftex.def)             Requested size: 263.10732pt x 113.48619pt.


LaTeX Warning: `h' float specifier changed to `ht'.


Package Fancyhdr Warning: \headheight is too small (0.0pt): 
 Make it at least 14.49998pt.
 We now make it that large for the rest of the document.
 This may cause the page layout to be inconsistent, however.

[11] <Gambar/artifact4.png, id=93, 231.11343pt x 118.94438pt>
File: Gambar/artifact4.png Graphic file (type png)

<use Gambar/artifact4.png>
Package pdftex.def Info: Gambar/artifact4.png used on input line 150.
(pdftex.def)             Requested size: 231.11287pt x 118.94408pt.


LaTeX Warning: `h' float specifier changed to `ht'.

<Gambar/artifact5.png, id=94, 352.31625pt x 203.25937pt>
File: Gambar/artifact5.png Graphic file (type png)

<use Gambar/artifact5.png>
Package pdftex.def Info: Gambar/artifact5.png used on input line 156.
(pdftex.def)             Requested size: 264.23653pt x 152.44414pt.


LaTeX Warning: `h' float specifier changed to `ht'.


Package Fancyhdr Warning: \headheight is too small (0.0pt): 
 Make it at least 14.49998pt.
 We now make it that large for the rest of the document.
 This may cause the page layout to be inconsistent, however.

[12 <H:/Kuliah/S2/Bahan Tesis/LaTex/Hasil/Gambar/artifact1.png> <H:/Kuliah/S2/B
ahan Tesis/LaTex/Hasil/Gambar/artifact2.png>]

Package Fancyhdr Warning: \headheight is too small (0.0pt): 
 Make it at least 14.49998pt.
 We now make it that large for the rest of the document.
 This may cause the page layout to be inconsistent, however.

[13 <H:/Kuliah/S2/Bahan Tesis/LaTex/Hasil/Gambar/artifact3.png> <H:/Kuliah/S2/B
ahan Tesis/LaTex/Hasil/Gambar/artifact4.png>]

Package Fancyhdr Warning: \headheight is too small (0.0pt): 
 Make it at least 14.49998pt.
 We now make it that large for the rest of the document.
 This may cause the page layout to be inconsistent, however.

[14 <H:/Kuliah/S2/Bahan Tesis/LaTex/Hasil/Gambar/artifact5.png>]

Package Fancyhdr Warning: \headheight is too small (0.0pt): 
 Make it at least 14.49998pt.
 We now make it that large for the rest of the document.
 This may cause the page layout to be inconsistent, however.

[15]
Overfull \hbox (2.61365pt too wide) in paragraph at lines 236--237
[]\OT1/cmr/m/n/12 Jika $\OML/cmm/m/it/12 R$ \OT1/cmr/m/n/12 ti-dak me-me-nu-hi 
ni-lai 3 kon-di-si di-a-tas, ma-ka ter-ja-di \OT1/cmr/m/it/12 pair-production
 []


Package Fancyhdr Warning: \headheight is too small (0.0pt): 
 Make it at least 14.49998pt.
 We now make it that large for the rest of the document.
 This may cause the page layout to be inconsistent, however.

[16] <Gambar/mc.png, id=119, 390.70969pt x 417.81094pt>
File: Gambar/mc.png Graphic file (type png)
 <use Gambar/mc.png>
Package pdftex.def Info: Gambar/mc.png used on input line 279.
(pdftex.def)             Requested size: 390.70872pt x 417.80992pt.


LaTeX Warning: `h' float specifier changed to `ht'.

)

Package Fancyhdr Warning: \headheight is too small (0.0pt): 
 Make it at least 14.49998pt.
 We now make it that large for the rest of the document.
 This may cause the page layout to be inconsistent, however.

[17]

Package Fancyhdr Warning: \headheight is too small (0.0pt): 
 Make it at least 14.49998pt.
 We now make it that large for the rest of the document.
 This may cause the page layout to be inconsistent, however.

[18 <H:/Kuliah/S2/Bahan Tesis/LaTex/Hasil/Gambar/mc.png>]
("H:\Kuliah\S2\Bahan Tesis\LaTex\Hasil\bab3.tex"
Bab 3.
<Gambar/jaszsczak.jpg, id=130, 3131.7pt x 4175.6pt>
File: Gambar/jaszsczak.jpg Graphic file (type jpg)
 <use Gambar/jaszsczak.jpg>
Package pdftex.def Info: Gambar/jaszsczak.jpg used on input line 21.
(pdftex.def)             Requested size: 156.59416pt x 208.79224pt.


LaTeX Warning: `h' float specifier changed to `ht'.

[19



]

Package Fancyhdr Warning: \headheight is too small (0.0pt): 
 Make it at least 14.49998pt.
 We now make it that large for the rest of the document.
 This may cause the page layout to be inconsistent, however.

[20 <H:/Kuliah/S2/Bahan Tesis/LaTex/Hasil/Gambar/jaszsczak.jpg>]

Package Fancyhdr Warning: \headheight is too small (0.0pt): 
 Make it at least 14.49998pt.
 We now make it that large for the rest of the document.
 This may cause the page layout to be inconsistent, however.

[21]

Package Fancyhdr Warning: \headheight is too small (0.0pt): 
 Make it at least 14.49998pt.
 We now make it that large for the rest of the document.
 This may cause the page layout to be inconsistent, however.

[22]

Package Fancyhdr Warning: \headheight is too small (0.0pt): 
 Make it at least 14.49998pt.
 We now make it that large for the rest of the document.
 This may cause the page layout to be inconsistent, however.

[23] <Gambar/simulation1.png, id=146, 297.36093pt x 301.125pt>
File: Gambar/simulation1.png Graphic file (type png)

<use Gambar/simulation1.png>
Package pdftex.def Info: Gambar/simulation1.png used on input line 121.
(pdftex.def)             Requested size: 148.6801pt x 150.56212pt.


LaTeX Warning: `h' float specifier changed to `ht'.

<Gambar/simulation2.png, id=147, 616.55344pt x 346.29375pt>
File: Gambar/simulation2.png Graphic file (type png)

<use Gambar/simulation2.png>
Package pdftex.def Info: Gambar/simulation2.png used on input line 127.
(pdftex.def)             Requested size: 369.9349pt x 207.77785pt.


LaTeX Warning: `h' float specifier changed to `ht'.

<Gambar/simulation3.png, id=148, 566.115pt x 178.41656pt>
File: Gambar/simulation3.png Graphic file (type png)

<use Gambar/simulation3.png>
Package pdftex.def Info: Gambar/simulation3.png used on input line 133.
(pdftex.def)             Requested size: 396.2778pt x 124.89072pt.


LaTeX Warning: `h' float specifier changed to `ht'.

<Gambar/simulation4.png, id=149, 616.55344pt x 346.29375pt>
File: Gambar/simulation4.png Graphic file (type png)

<use Gambar/simulation4.png>
Package pdftex.def Info: Gambar/simulation4.png used on input line 139.
(pdftex.def)             Requested size: 431.58446pt x 242.40396pt.

Overfull \hbox (33.24586pt too wide) in paragraph at lines 139--140
 [][] 
 []


LaTeX Warning: `h' float specifier changed to `ht'.


Package Fancyhdr Warning: \headheight is too small (0.0pt): 
 Make it at least 14.49998pt.
 We now make it that large for the rest of the document.
 This may cause the page layout to be inconsistent, however.

[24]

Package Fancyhdr Warning: \headheight is too small (0.0pt): 
 Make it at least 14.49998pt.
 We now make it that large for the rest of the document.
 This may cause the page layout to be inconsistent, however.

[25 <H:/Kuliah/S2/Bahan Tesis/LaTex/Hasil/Gambar/simulation1.png> <H:/Kuliah/S2
/Bahan Tesis/LaTex/Hasil/Gambar/simulation2.png>]
<Gambar/diagpen.png, id=158, 656.4525pt x 737.75626pt>
File: Gambar/diagpen.png Graphic file (type png)

<use Gambar/diagpen.png>
Package pdftex.def Info: Gambar/diagpen.png used on input line 151.
(pdftex.def)             Requested size: 328.22545pt x 368.87723pt.


LaTeX Warning: `h' float specifier changed to `ht'.

)

Package Fancyhdr Warning: \headheight is too small (0.0pt): 
 Make it at least 14.49998pt.
 We now make it that large for the rest of the document.
 This may cause the page layout to be inconsistent, however.

[26 <H:/Kuliah/S2/Bahan Tesis/LaTex/Hasil/Gambar/simulation3.png> <H:/Kuliah/S2
/Bahan Tesis/LaTex/Hasil/Gambar/simulation4.png>]

Package Fancyhdr Warning: \headheight is too small (0.0pt): 
 Make it at least 14.49998pt.
 We now make it that large for the rest of the document.
 This may cause the page layout to be inconsistent, however.

[27 <H:/Kuliah/S2/Bahan Tesis/LaTex/Hasil/Gambar/diagpen.png>]
("H:\Kuliah\S2\Bahan Tesis\LaTex\Hasil\bab4.tex"
Bab 4.

LaTeX Warning: Reference `eq:euler-lagrange' on page 28 undefined on input line
 10.


LaTeX Warning: Reference `fig:profileL26' on page 28 undefined on input line 10
.


LaTeX Warning: Reference `eq:L26static2' on page 28 undefined on input line 10.



LaTeX Warning: Reference `eq:staticskyrme' on page 28 undefined on input line 1
0.


LaTeX Warning: Reference `eq:hamiltonianL26' on page 28 undefined on input line
 12.


LaTeX Warning: Reference `eq:rotationhamiltonian' on page 28 undefined on input
 line 12.


LaTeX Warning: Reference `eq:L26' on page 28 undefined on input line 12.


LaTeX Warning: Citation `Bonenfant' on page 28 undefined on input line 12.


LaTeX Warning: Citation `Beaudoin' on page 28 undefined on input line 12.


LaTeX Warning: Citation `Marleau' on page 28 undefined on input line 12.


LaTeX Warning: Reference `eq:L26static1' on page 28 undefined on input line 14.



LaTeX Warning: Reference `eq:hamiltonianL26' on page 28 undefined on input line
 14.


LaTeX Warning: Reference `fig:profileL26' on page 28 undefined on input line 14
.


LaTeX Warning: Reference `fig:energy' on page 28 undefined on input line 16.

[28



]

LaTeX Warning: Reference `eq:mass' on page 29 undefined on input line 21.


LaTeX Warning: Reference `eq:mass' on page 29 undefined on input line 37.


Package Fancyhdr Warning: \headheight is too small (0.0pt): 
 Make it at least 14.49998pt.
 We now make it that large for the rest of the document.
 This may cause the page layout to be inconsistent, however.

[29])

Package Fancyhdr Warning: \headheight is too small (0.0pt): 
 Make it at least 14.49998pt.
 We now make it that large for the rest of the document.
 This may cause the page layout to be inconsistent, however.

[30] ("H:\Kuliah\S2\Bahan Tesis\LaTex\Hasil\bab5.tex"
Bab 5.
) [31



]

Package Fancyhdr Warning: \headheight is too small (0.0pt): 
 Make it at least 14.49998pt.
 We now make it that large for the rest of the document.
 This may cause the page layout to be inconsistent, however.

[32] ("H:\Kuliah\S2\Bahan Tesis\LaTex\Hasil\referensi.tex"
Missing character: There is no â in font cmr12!
Missing character: There is no € in font cmr12!
Missing character: There is no “ in font cmr12!
 [33



]
Underfull \hbox (badness 1221) in paragraph at lines 90--94
\OT1/cmr/m/n/12 to-pes, Vo-lu-me 67, Is-sue 10, Octo-ber 2009, Pa-ges 1864-1868
. [ht-
 []


Package Fancyhdr Warning: \headheight is too small (0.0pt): 
 Make it at least 14.49998pt.
 We now make it that large for the rest of the document.
 This may cause the page layout to be inconsistent, however.

[34])

Package Fancyhdr Warning: \headheight is too small (0.0pt): 
 Make it at least 14.49998pt.
 We now make it that large for the rest of the document.
 This may cause the page layout to be inconsistent, however.

[35] ("H:\Kuliah\S2\Bahan Tesis\LaTex\Hasil\lampiran.tex"
Lampiran A.

LaTeX Warning: Citation `Handhika' on page 36 undefined on input line 10.


LaTeX Warning: Citation `Katok' on page 36 undefined on input line 10.


Overfull \hbox (1.83243pt too wide) in paragraph at lines 18--23
\OT1/cmr/m/n/12 Misalkan $\OML/cmm/m/it/12 X \OT1/cmr/m/n/12 = \OMS/cmsy/m/n/12
 f\OML/cmm/m/it/12 a; b; c; d; e; f\OMS/cmsy/m/n/12 g$ \OT1/cmr/m/n/12 dan $\OM
L/cmm/m/it/12 T[] \OT1/cmr/m/n/12 = \OMS/cmsy/m/n/12 f\OML/cmm/m/it/12 X; \OMS/
cmsy/m/n/12 ;\OML/cmm/m/it/12 ; \OMS/cmsy/m/n/12 f\OML/cmm/m/it/12 a\OMS/cmsy/m
/n/12 g\OML/cmm/m/it/12 ; \OMS/cmsy/m/n/12 f\OML/cmm/m/it/12 c; d\OMS/cmsy/m/n/
12 gf\OML/cmm/m/it/12 a; c; d\OMS/cmsy/m/n/12 g\OML/cmm/m/it/12 ; \OMS/cmsy/m/n
/12 f\OML/cmm/m/it/12 b; c; d; e; f\OMS/cmsy/m/n/12 gg$\OT1/cmr/m/n/12 ,
 []


Overfull \hbox (23.95116pt too wide) in paragraph at lines 25--29
\OT1/cmr/m/n/12 Misalkan $\OML/cmm/m/it/12 X \OT1/cmr/m/n/12 = \OMS/cmsy/m/n/12
 f\OML/cmm/m/it/12 a; b; c; d; e; f\OMS/cmsy/m/n/12 g$ \OT1/cmr/m/n/12 dan $\OM
L/cmm/m/it/12 T[] \OT1/cmr/m/n/12 = \OMS/cmsy/m/n/12 f\OML/cmm/m/it/12 X; \OMS/
cmsy/m/n/12 ;\OML/cmm/m/it/12 ; \OMS/cmsy/m/n/12 f\OML/cmm/m/it/12 a\OMS/cmsy/m
/n/12 g\OML/cmm/m/it/12 ; \OMS/cmsy/m/n/12 f\OML/cmm/m/it/12 f\OMS/cmsy/m/n/12 
gf\OML/cmm/m/it/12 a; f\OMS/cmsy/m/n/12 g\OML/cmm/m/it/12 ; \OMS/cmsy/m/n/12 f\
OML/cmm/m/it/12 a; c; f\OMS/cmsy/m/n/12 gf\OML/cmm/m/it/12 b; c; d; e; f\OMS/cm
sy/m/n/12 gg$\OT1/cmr/m/n/12 ,
 []

[36



]

LaTeX Warning: Citation `Morris' on page 37 undefined on input line 46.


Package Fancyhdr Warning: \headheight is too small (0.0pt): 
 Make it at least 14.49998pt.
 We now make it that large for the rest of the document.
 This may cause the page layout to be inconsistent, however.

[37]
Lampiran B.
[38

]

Package Fancyhdr Warning: \headheight is too small (0.0pt): 
 Make it at least 14.49998pt.
 We now make it that large for the rest of the document.
 This may cause the page layout to be inconsistent, however.

[39]

Package Fancyhdr Warning: \headheight is too small (0.0pt): 
 Make it at least 14.49998pt.
 We now make it that large for the rest of the document.
 This may cause the page layout to be inconsistent, however.

[40]
Lampiran C.

LaTeX Warning: Citation `Manton' on page 41 undefined on input line 115.

[41

]

Package Fancyhdr Warning: \headheight is too small (0.0pt): 
 Make it at least 14.49998pt.
 We now make it that large for the rest of the document.
 This may cause the page layout to be inconsistent, however.

[42]

LaTeX Warning: Reference `eq:staticenergy' on page 43 undefined on input line 1
79.


Overfull \hbox (41.34259pt too wide) in alignment at lines 211--221
 [][][] []
 []


Package Fancyhdr Warning: \headheight is too small (0.0pt): 
 Make it at least 14.49998pt.
 We now make it that large for the rest of the document.
 This may cause the page layout to be inconsistent, however.

[43]

Package Fancyhdr Warning: \headheight is too small (0.0pt): 
 Make it at least 14.49998pt.
 We now make it that large for the rest of the document.
 This may cause the page layout to be inconsistent, however.

[44]

Package Fancyhdr Warning: \headheight is too small (0.0pt): 
 Make it at least 14.49998pt.
 We now make it that large for the rest of the document.
 This may cause the page layout to be inconsistent, however.

[45]
Lampiran D.

LaTeX Warning: Citation `Manton' on page 46 undefined on input line 263.

[46

]

LaTeX Warning: Reference `eq:staticenergy' on page 47 undefined on input line 3
03.


LaTeX Warning: Reference `eq:staticenergy' on page 47 undefined on input line 3
29.


Package Fancyhdr Warning: \headheight is too small (0.0pt): 
 Make it at least 14.49998pt.
 We now make it that large for the rest of the document.
 This may cause the page layout to be inconsistent, however.

[47]

LaTeX Warning: Reference `eq:staticenergy' on page 48 undefined on input line 3
45.


Overfull \hbox (39.74678pt too wide) in alignment at lines 346--357
 [][][] []
 []


Package Fancyhdr Warning: \headheight is too small (0.0pt): 
 Make it at least 14.49998pt.
 We now make it that large for the rest of the document.
 This may cause the page layout to be inconsistent, however.

[48]

Package Fancyhdr Warning: \headheight is too small (0.0pt): 
 Make it at least 14.49998pt.
 We now make it that large for the rest of the document.
 This may cause the page layout to be inconsistent, however.

[49]
Overfull \hbox (65.99599pt too wide) in alignment at lines 382--395
 [][][] []
 []


Package Fancyhdr Warning: \headheight is too small (0.0pt): 
 Make it at least 14.49998pt.
 We now make it that large for the rest of the document.
 This may cause the page layout to be inconsistent, however.

[50]
Overfull \hbox (27.52338pt too wide) in alignment at lines 402--407
 [][][] []
 []

)

Package Fancyhdr Warning: \headheight is too small (0.0pt): 
 Make it at least 14.49998pt.
 We now make it that large for the rest of the document.
 This may cause the page layout to be inconsistent, however.

[51] ("H:\Kuliah\S2\Bahan Tesis\LaTex\Hasil\hasil.aux"
("H:\Kuliah\S2\Bahan Tesis\LaTex\Hasil\identitas.aux")
("H:\Kuliah\S2\Bahan Tesis\LaTex\Hasil\ejaan.aux")
("H:\Kuliah\S2\Bahan Tesis\LaTex\Hasil\cover.aux")
("H:\Kuliah\S2\Bahan Tesis\LaTex\Hasil\orisinalitas.aux")
("H:\Kuliah\S2\Bahan Tesis\LaTex\Hasil\pengesahan.aux")
("H:\Kuliah\S2\Bahan Tesis\LaTex\Hasil\pengantar.aux")
("H:\Kuliah\S2\Bahan Tesis\LaTex\Hasil\persetujuan.aux")
("H:\Kuliah\S2\Bahan Tesis\LaTex\Hasil\abstrak.aux")
("H:\Kuliah\S2\Bahan Tesis\LaTex\Hasil\bab1.aux")
("H:\Kuliah\S2\Bahan Tesis\LaTex\Hasil\bab2.aux")
("H:\Kuliah\S2\Bahan Tesis\LaTex\Hasil\bab3.aux")
("H:\Kuliah\S2\Bahan Tesis\LaTex\Hasil\bab4.aux")
("H:\Kuliah\S2\Bahan Tesis\LaTex\Hasil\bab5.aux")
("H:\Kuliah\S2\Bahan Tesis\LaTex\Hasil\referensi.aux")
("H:\Kuliah\S2\Bahan Tesis\LaTex\Hasil\lampiran.aux"))

LaTeX Warning: There were undefined references.


LaTeX Warning: There were multiply-defined labels.

 ) 
Here is how much of TeX's memory you used:
 8655 strings out of 493921
 140739 string characters out of 3147278
 229561 words of memory out of 3000000
 11711 multiletter control sequences out of 15000+200000
 11633 words of font info for 41 fonts, out of 3000000 for 9000
 843 hyphenation exceptions out of 8191
 43i,12n,47p,1111b,516s stack positions out of 5000i,500n,10000p,200000b,50000s
<C:/Program Files/MiKTeX 2.9/fonts/type1/public/amsfonts/cm/cmbx10.pfb><C:/Pr
ogram Files/MiKTeX 2.9/fonts/type1/public/amsfonts/cm/cmbx12.pfb><C:/Program Fi
les/MiKTeX 2.9/fonts/type1/public/amsfonts/cm/cmbxti10.pfb><C:/Program Files/Mi
KTeX 2.9/fonts/type1/public/amsfonts/cm/cmex10.pfb><C:/Program Files/MiKTeX 2.9
/fonts/type1/public/amsfonts/cm/cmmi10.pfb><C:/Program Files/MiKTeX 2.9/fonts/t
ype1/public/amsfonts/cm/cmmi12.pfb><C:/Program Files/MiKTeX 2.9/fonts/type1/pub
lic/amsfonts/cm/cmmi6.pfb><C:/Program Files/MiKTeX 2.9/fonts/type1/public/amsfo
nts/cm/cmmi8.pfb><C:/Program Files/MiKTeX 2.9/fonts/type1/public/amsfonts/cm/cm
mib10.pfb><C:/Program Files/MiKTeX 2.9/fonts/type1/public/amsfonts/cm/cmr10.pfb
><C:/Program Files/MiKTeX 2.9/fonts/type1/public/amsfonts/cm/cmr12.pfb><C:/Prog
ram Files/MiKTeX 2.9/fonts/type1/public/amsfonts/cm/cmr6.pfb><C:/Program Files/
MiKTeX 2.9/fonts/type1/public/amsfonts/cm/cmr8.pfb><C:/Program Files/MiKTeX 2.9
/fonts/type1/public/amsfonts/cm/cmsy10.pfb><C:/Program Files/MiKTeX 2.9/fonts/t
ype1/public/amsfonts/cm/cmsy7.pfb><C:/Program Files/MiKTeX 2.9/fonts/type1/publ
ic/amsfonts/cm/cmsy8.pfb><C:/Program Files/MiKTeX 2.9/fonts/type1/public/amsfon
ts/cm/cmti10.pfb><C:/Program Files/MiKTeX 2.9/fonts/type1/public/amsfonts/cm/cm
ti12.pfb>
Output written on hasil.pdf (64 pages, 4723038 bytes).
PDF statistics:
 302 PDF objects out of 1000 (max. 8388607)
 0 named destinations out of 1000 (max. 500000)
 71 words of extra memory for PDF output out of 10000 (max. 10000000)

