This is pdfTeX, Version 3.1415926-2.4-1.40.13 (MiKTeX 2.9 64-bit) (preloaded format=pdflatex 2016.12.15)  28 NOV 2017 09:26
entering extended mode
**pengesahan.tex
("C:\Users\Lenovo\Desktop\Kuliah\S2\Bahan Tesis\LaTex\Tesis\pengesahan.tex"
LaTeX2e <2011/06/27>
Babel <v3.8m> and hyphenation patterns for english, afrikaans, ancientgreek, ar
abic, armenian, assamese, basque, bengali, bokmal, bulgarian, catalan, coptic, 
croatian, czech, danish, dutch, esperanto, estonian, farsi, finnish, french, ga
lician, german, german-x-2012-05-30, greek, gujarati, hindi, hungarian, iceland
ic, indonesian, interlingua, irish, italian, kannada, kurmanji, latin, latvian,
 lithuanian, malayalam, marathi, mongolian, mongolianlmc, monogreek, ngerman, n
german-x-2012-05-30, nynorsk, oriya, panjabi, pinyin, polish, portuguese, roman
ian, russian, sanskrit, serbian, slovak, slovenian, spanish, swedish, swissgerm
an, tamil, telugu, turkish, turkmen, ukenglish, ukrainian, uppersorbian, usengl
ishmax, welsh, loaded.
! Undefined control sequence.
l.19 \chapter
             *{HALAMAN PENGESAHAN}											%
The control sequence at the end of the top line
of your error message was never \def'ed. If you have
misspelled it (e.g., `\hobx'), type `I' and the correct
spelling (e.g., `I\hbox'). Otherwise just continue,
and I'll forget about whatever was undefined.


! LaTeX Error: Missing \begin{document}.

See the LaTeX manual or LaTeX Companion for explanation.
Type  H <return>  for immediate help.
 ...                                              
                                                  
l.19 \chapter*
              {HALAMAN PENGESAHAN}											%
You're in trouble here.  Try typing  <return>  to proceed.
If that doesn't work, type  X <return>  to quit.

Missing character: There is no * in font nullfont!
Missing character: There is no H in font nullfont!
Missing character: There is no A in font nullfont!
Missing character: There is no L in font nullfont!
Missing character: There is no A in font nullfont!
Missing character: There is no M in font nullfont!
Missing character: There is no A in font nullfont!
Missing character: There is no N in font nullfont!
Missing character: There is no P in font nullfont!
Missing character: There is no E in font nullfont!
Missing character: There is no N in font nullfont!
Missing character: There is no G in font nullfont!
Missing character: There is no E in font nullfont!
Missing character: There is no S in font nullfont!
Missing character: There is no A in font nullfont!
Missing character: There is no H in font nullfont!
Missing character: There is no A in font nullfont!
Missing character: There is no N in font nullfont!

Overfull \hbox (20.0pt too wide) in paragraph at lines 19--22
[] 
 []

Missing character: There is no S in font nullfont!
Missing character: There is no k in font nullfont!
Missing character: There is no r in font nullfont!
Missing character: There is no i in font nullfont!
Missing character: There is no p in font nullfont!
Missing character: There is no s in font nullfont!
Missing character: There is no i in font nullfont!
Missing character: There is no i in font nullfont!
Missing character: There is no n in font nullfont!
Missing character: There is no i in font nullfont!
Missing character: There is no d in font nullfont!
Missing character: There is no i in font nullfont!
Missing character: There is no a in font nullfont!
Missing character: There is no j in font nullfont!
Missing character: There is no u in font nullfont!
Missing character: There is no k in font nullfont!
Missing character: There is no a in font nullfont!
Missing character: There is no n in font nullfont!
Missing character: There is no o in font nullfont!
Missing character: There is no l in font nullfont!
Missing character: There is no e in font nullfont!
Missing character: There is no h in font nullfont!
Missing character: There is no N in font nullfont!
Missing character: There is no a in font nullfont!
Missing character: There is no m in font nullfont!
Missing character: There is no a in font nullfont!
Missing character: There is no : in font nullfont!
! Undefined control sequence.
l.24 Nama		\hspace{1.5cm}	\= : \= \penulis
                                          \\								%
The control sequence at the end of the top line
of your error message was never \def'ed. If you have
misspelled it (e.g., `\hobx'), type `I' and the correct
spelling (e.g., `I\hbox'). Otherwise just continue,
and I'll forget about whatever was undefined.

Missing character: There is no N in font nullfont!
Missing character: There is no P in font nullfont!
Missing character: There is no M in font nullfont!
Missing character: There is no : in font nullfont!
! Undefined control sequence.
l.25 NPM 						\> : \> \npm
                           \\									%
The control sequence at the end of the top line
of your error message was never \def'ed. If you have
misspelled it (e.g., `\hobx'), type `I' and the correct
spelling (e.g., `I\hbox'). Otherwise just continue,
and I'll forget about whatever was undefined.

Missing character: There is no P in font nullfont!
Missing character: There is no r in font nullfont!
Missing character: There is no o in font nullfont!
Missing character: There is no g in font nullfont!
Missing character: There is no r in font nullfont!
Missing character: There is no a in font nullfont!
Missing character: There is no m in font nullfont!
Missing character: There is no S in font nullfont!
Missing character: There is no t in font nullfont!
Missing character: There is no u in font nullfont!
Missing character: There is no d in font nullfont!
Missing character: There is no i in font nullfont!
Missing character: There is no : in font nullfont!
! Undefined control sequence.
l.26 Program Studi 			\> : \> \program
                                      \\								%
The control sequence at the end of the top line
of your error message was never \def'ed. If you have
misspelled it (e.g., `\hobx'), type `I' and the correct
spelling (e.g., `I\hbox'). Otherwise just continue,
and I'll forget about whatever was undefined.

Missing character: There is no J in font nullfont!
Missing character: There is no u in font nullfont!
Missing character: There is no d in font nullfont!
Missing character: There is no u in font nullfont!
Missing character: There is no l in font nullfont!
Missing character: There is no S in font nullfont!
Missing character: There is no k in font nullfont!
Missing character: There is no r in font nullfont!
Missing character: There is no i in font nullfont!
Missing character: There is no p in font nullfont!
Missing character: There is no s in font nullfont!
Missing character: There is no i in font nullfont!
Missing character: There is no : in font nullfont!
Missing character: There is no S in font nullfont!
Missing character: There is no t in font nullfont!
Missing character: There is no u in font nullfont!
Missing character: There is no d in font nullfont!
Missing character: There is no i in font nullfont!
Missing character: There is no A in font nullfont!
Missing character: There is no w in font nullfont!
Missing character: There is no a in font nullfont!
Missing character: There is no l in font nullfont!
Missing character: There is no E in font nullfont!
Missing character: There is no n in font nullfont!
Missing character: There is no e in font nullfont!
Missing character: There is no r in font nullfont!
Missing character: There is no g in font nullfont!
Missing character: There is no i in font nullfont!
Missing character: There is no I in font nullfont!
Missing character: There is no k in font nullfont!
Missing character: There is no a in font nullfont!
Missing character: There is no t in font nullfont!
Missing character: There is no I in font nullfont!
Missing character: There is no n in font nullfont!
Missing character: There is no t in font nullfont!
Missing character: There is no i in font nullfont!
Missing character: There is no N in font nullfont!
Missing character: There is no u in font nullfont!
Missing character: There is no k in font nullfont!
Missing character: There is no l in font nullfont!
Missing character: There is no i in font nullfont!
Missing character: There is no r in font nullfont!
Missing character: There is no d in font nullfont!
Missing character: There is no e in font nullfont!
Missing character: There is no n in font nullfont!
Missing character: There is no g in font nullfont!
Missing character: There is no a in font nullfont!
Missing character: There is no n in font nullfont!
Missing character: There is no P in font nullfont!
Missing character: There is no e in font nullfont!
Missing character: There is no n in font nullfont!
Missing character: There is no d in font nullfont!
Missing character: There is no e in font nullfont!
Missing character: There is no k in font nullfont!
Missing character: There is no a in font nullfont!
Missing character: There is no t in font nullfont!
Missing character: There is no a in font nullfont!
Missing character: There is no n in font nullfont!
Missing character: There is no H in font nullfont!
Missing character: There is no a in font nullfont!
Missing character: There is no m in font nullfont!
Missing character: There is no p in font nullfont!
Missing character: There is no i in font nullfont!
Missing character: There is no r in font nullfont!
Missing character: There is no - in font nullfont!
Missing character: There is no B in font nullfont!
Missing character: There is no P in font nullfont!
Missing character: There is no S in font nullfont!
Missing character: There is no M in font nullfont!
Missing character: There is no o in font nullfont!
Missing character: There is no d in font nullfont!
Missing character: There is no e in font nullfont!
Missing character: There is no l in font nullfont!
Missing character: There is no S in font nullfont!
Missing character: There is no k in font nullfont!
Missing character: There is no y in font nullfont!
Missing character: There is no r in font nullfont!
Missing character: There is no m in font nullfont!
Missing character: There is no e in font nullfont!
! Undefined control sequence.
<argument> ...lukan untuk memperoleh gelar \gelar 
                                                  ~ Sains pada Program Studi...
l.35 	\universitas}
                   														%
The control sequence at the end of the top line
of your error message was never \def'ed. If you have
misspelled it (e.g., `\hobx'), type `I' and the correct
spelling (e.g., `I\hbox'). Otherwise just continue,
and I'll forget about whatever was undefined.

! Undefined control sequence.
<argument> ...~ Sains pada Program Studi \program 
                                                  , \fakultas , \universitas 
l.35 	\universitas}
                   														%
The control sequence at the end of the top line
of your error message was never \def'ed. If you have
misspelled it (e.g., `\hobx'), type `I' and the correct
spelling (e.g., `I\hbox'). Otherwise just continue,
and I'll forget about whatever was undefined.

! Undefined control sequence.
<argument> ... Program Studi \program , \fakultas 
                                                  , \universitas 
l.35 	\universitas}
                   														%
The control sequence at the end of the top line
of your error message was never \def'ed. If you have
misspelled it (e.g., `\hobx'), type `I' and the correct
spelling (e.g., `I\hbox'). Otherwise just continue,
and I'll forget about whatever was undefined.

! Undefined control sequence.
<argument> ...\program , \fakultas , \universitas 
                                                  
l.35 	\universitas}
                   														%
The control sequence at the end of the top line
of your error message was never \def'ed. If you have
misspelled it (e.g., `\hobx'), type `I' and the correct
spelling (e.g., `I\hbox'). Otherwise just continue,
and I'll forget about whatever was undefined.


Overfull \hbox (27.48595pt too wide) in paragraph at lines 35--39
\OT1/cmr/bx/n/10 Telah
 []


Overfull \hbox (39.61922pt too wide) in paragraph at lines 35--39
\OT1/cmr/bx/n/10 berhasil
 []


Overfull \hbox (30.1318pt too wide) in paragraph at lines 35--39
\OT1/cmr/bx/n/10 diper-
 []


Overfull \hbox (13.89574pt too wide) in paragraph at lines 35--39
\OT1/cmr/bx/n/10 ta-
 []


Overfull \hbox (35.77754pt too wide) in paragraph at lines 35--39
\OT1/cmr/bx/n/10 hankan
 []


Overfull \hbox (9.58328pt too wide) in paragraph at lines 35--39
\OT1/cmr/bx/n/10 di
 []


Overfull \hbox (27.79147pt too wide) in paragraph at lines 35--39
\OT1/cmr/bx/n/10 hada-
 []


Overfull \hbox (18.36794pt too wide) in paragraph at lines 35--39
\OT1/cmr/bx/n/10 pan
 []


Overfull \hbox (17.92352pt too wide) in paragraph at lines 35--39
\OT1/cmr/bx/n/10 De-
 []


Overfull \hbox (19.96515pt too wide) in paragraph at lines 35--39
\OT1/cmr/bx/n/10 wan
 []


Overfull \hbox (23.0346pt too wide) in paragraph at lines 35--39
\OT1/cmr/bx/n/10 Pen-
 []


Overfull \hbox (18.84712pt too wide) in paragraph at lines 35--39
\OT1/cmr/bx/n/10 guji
 []


Overfull \hbox (18.36794pt too wide) in paragraph at lines 35--39
\OT1/cmr/bx/n/10 dan
 []


Overfull \hbox (13.4166pt too wide) in paragraph at lines 35--39
\OT1/cmr/bx/n/10 di-
 []


Overfull \hbox (18.31242pt too wide) in paragraph at lines 35--39
\OT1/cmr/bx/n/10 ter-
 []


Overfull \hbox (18.36794pt too wide) in paragraph at lines 35--39
\OT1/cmr/bx/n/10 ima
 []


Overfull \hbox (13.6402pt too wide) in paragraph at lines 35--39
\OT1/cmr/bx/n/10 se-
 []


Overfull \hbox (15.8124pt too wide) in paragraph at lines 35--39
\OT1/cmr/bx/n/10 ba-
 []


Overfull \hbox (14.53462pt too wide) in paragraph at lines 35--39
\OT1/cmr/bx/n/10 gai
 []


Overfull \hbox (32.90256pt too wide) in paragraph at lines 35--39
\OT1/cmr/bx/n/10 bagian
 []


Overfull \hbox (20.54852pt too wide) in paragraph at lines 35--39
\OT1/cmr/bx/n/10 per-
 []


Overfull \hbox (42.65387pt too wide) in paragraph at lines 35--39
\OT1/cmr/bx/n/10 syaratan
 []


Overfull \hbox (23.47902pt too wide) in paragraph at lines 35--39
\OT1/cmr/bx/n/10 yang
 []


Overfull \hbox (30.1318pt too wide) in paragraph at lines 35--39
\OT1/cmr/bx/n/10 diper-
 []


Overfull \hbox (26.99289pt too wide) in paragraph at lines 35--39
\OT1/cmr/bx/n/10 lukan
 []


Overfull \hbox (16.61102pt too wide) in paragraph at lines 35--39
\OT1/cmr/bx/n/10 un-
 []


Overfull \hbox (16.93047pt too wide) in paragraph at lines 35--39
\OT1/cmr/bx/n/10 tuk
 []


Overfull \hbox (28.27069pt too wide) in paragraph at lines 35--39
\OT1/cmr/bx/n/10 mem-
 []


Overfull \hbox (20.54852pt too wide) in paragraph at lines 35--39
\OT1/cmr/bx/n/10 per-
 []


Overfull \hbox (20.60406pt too wide) in paragraph at lines 35--39
\OT1/cmr/bx/n/10 oleh
 []


Overfull \hbox (24.54153pt too wide) in paragraph at lines 35--39
\OT1/cmr/bx/n/10 gelar
 []


Overfull \hbox (26.09843pt too wide) in paragraph at lines 35--39
\OT1/cmr/bx/n/10 Sains
 []


Overfull \hbox (23.95816pt too wide) in paragraph at lines 35--39
\OT1/cmr/bx/n/10 pada
 []


Overfull \hbox (22.18045pt too wide) in paragraph at lines 35--39
\OT1/cmr/bx/n/10 Pro-
 []


Overfull \hbox (25.65958pt too wide) in paragraph at lines 35--39
\OT1/cmr/bx/n/10 gram
 []


Overfull \hbox (26.83319pt too wide) in paragraph at lines 35--39
\OT1/cmr/bx/n/10 Studi
 []


Overfull \hbox (3.19443pt too wide) in paragraph at lines 35--39
\OT1/cmr/bx/n/10 ,
 []


Overfull \hbox (3.19443pt too wide) in paragraph at lines 35--39
\OT1/cmr/bx/n/10 ,
 []

! Undefined control sequence.
l.40 \bold
          {DEWAN PENGUJI}														%
The control sequence at the end of the top line
of your error message was never \def'ed. If you have
misspelled it (e.g., `\hobx'), type `I' and the correct
spelling (e.g., `I\hbox'). Otherwise just continue,
and I'll forget about whatever was undefined.

Missing character: There is no D in font nullfont!
Missing character: There is no E in font nullfont!
Missing character: There is no W in font nullfont!
Missing character: There is no A in font nullfont!
Missing character: There is no N in font nullfont!
Missing character: There is no P in font nullfont!
Missing character: There is no E in font nullfont!
Missing character: There is no N in font nullfont!
Missing character: There is no G in font nullfont!
Missing character: There is no U in font nullfont!
Missing character: There is no J in font nullfont!
Missing character: There is no I in font nullfont!
LaTeX Font Info:    External font `cmex10' loaded for size
(Font)              <7> on input line 42.
LaTeX Font Info:    External font `cmex10' loaded for size
(Font)              <5> on input line 42.
Missing character: There is no P in font nullfont!
Missing character: There is no e in font nullfont!
Missing character: There is no m in font nullfont!
Missing character: There is no b in font nullfont!
Missing character: There is no i in font nullfont!
Missing character: There is no m in font nullfont!
Missing character: There is no b in font nullfont!
Missing character: There is no i in font nullfont!
Missing character: There is no n in font nullfont!
Missing character: There is no g in font nullfont!
Missing character: There is no I in font nullfont!
Missing character: There is no : in font nullfont!
! Undefined control sequence.
l.44 	Pembimbing I&: & \pembimbingsatu
                                       & (\hspace*{3.0cm}) \\[1cm]			%
The control sequence at the end of the top line
of your error message was never \def'ed. If you have
misspelled it (e.g., `\hobx'), type `I' and the correct
spelling (e.g., `I\hbox'). Otherwise just continue,
and I'll forget about whatever was undefined.

Missing character: There is no ( in font nullfont!
Missing character: There is no ) in font nullfont!
Missing character: There is no P in font nullfont!
Missing character: There is no e in font nullfont!
Missing character: There is no n in font nullfont!
Missing character: There is no g in font nullfont!
Missing character: There is no u in font nullfont!
Missing character: There is no j in font nullfont!
Missing character: There is no i in font nullfont!
Missing character: There is no I in font nullfont!
Missing character: There is no : in font nullfont!
! Undefined control sequence.
l.46 	Penguji I&: &\pengujisatu
                                & (\hspace*{3.0cm}) \\[1cm]				%
The control sequence at the end of the top line
of your error message was never \def'ed. If you have
misspelled it (e.g., `\hobx'), type `I' and the correct
spelling (e.g., `I\hbox'). Otherwise just continue,
and I'll forget about whatever was undefined.

Missing character: There is no ( in font nullfont!
Missing character: There is no ) in font nullfont!
Missing character: There is no P in font nullfont!
Missing character: There is no e in font nullfont!
Missing character: There is no n in font nullfont!
Missing character: There is no g in font nullfont!
Missing character: There is no u in font nullfont!
Missing character: There is no j in font nullfont!
Missing character: There is no i in font nullfont!
Missing character: There is no I in font nullfont!
Missing character: There is no I in font nullfont!
Missing character: There is no : in font nullfont!
! Undefined control sequence.
l.48 	Penguji II&: &\pengujidua
                                & (\hspace*{3.0cm}) \\[1cm]				%
The control sequence at the end of the top line
of your error message was never \def'ed. If you have
misspelled it (e.g., `\hobx'), type `I' and the correct
spelling (e.g., `I\hbox'). Otherwise just continue,
and I'll forget about whatever was undefined.

Missing character: There is no ( in font nullfont!
Missing character: There is no ) in font nullfont!
Missing character: There is no D in font nullfont!
Missing character: There is no i in font nullfont!
Missing character: There is no t in font nullfont!
Missing character: There is no e in font nullfont!
Missing character: There is no t in font nullfont!
Missing character: There is no a in font nullfont!
Missing character: There is no p in font nullfont!
Missing character: There is no k in font nullfont!
Missing character: There is no a in font nullfont!
Missing character: There is no n in font nullfont!
Missing character: There is no d in font nullfont!
Missing character: There is no i in font nullfont!
Missing character: There is no : in font nullfont!
Missing character: There is no D in font nullfont!
Missing character: There is no e in font nullfont!
Missing character: There is no p in font nullfont!
Missing character: There is no o in font nullfont!
Missing character: There is no k in font nullfont!
Missing character: There is no T in font nullfont!
Missing character: There is no a in font nullfont!
Missing character: There is no n in font nullfont!
Missing character: There is no g in font nullfont!
Missing character: There is no g in font nullfont!
Missing character: There is no a in font nullfont!
Missing character: There is no l in font nullfont!
Missing character: There is no : in font nullfont!
! Undefined control sequence.
l.55 	Tanggal			&: & \tanggallulus
                                   \\								%
The control sequence at the end of the top line
of your error message was never \def'ed. If you have
misspelled it (e.g., `\hobx'), type `I' and the correct
spelling (e.g., `I\hbox'). Otherwise just continue,
and I'll forget about whatever was undefined.

)
! Emergency stop.
<*> pengesahan.tex
                  
*** (job aborted, no legal \end found)

 
Here is how much of TeX's memory you used:
 20 strings out of 493921
 407 string characters out of 3147278
 52031 words of memory out of 3000000
 3412 multiletter control sequences out of 15000+200000
 3948 words of font info for 15 fonts, out of 3000000 for 9000
 841 hyphenation exceptions out of 8191
 19i,6n,12p,98b,104s stack positions out of 5000i,500n,10000p,200000b,50000s
!  ==> Fatal error occurred, no output PDF file produced!
